[debug] [2022-04-19T16:33:27.684Z] ----------------------------------------------------------------------
[debug] [2022-04-19T16:33:27.686Z] Command:       G:\Program Files\nodejs\node.exe C:\Users\HP\AppData\Roaming\npm\node_modules\firebase-tools\lib\bin\firebase.js init
[debug] [2022-04-19T16:33:27.686Z] CLI Version:   10.6.0
[debug] [2022-04-19T16:33:27.687Z] Platform:      win32
[debug] [2022-04-19T16:33:27.687Z] Node Version:  v16.13.1
[debug] [2022-04-19T16:33:27.687Z] Time:          Tue Apr 19 2022 22:33:27 GMT+0600 (Bangladesh Standard Time)
[debug] [2022-04-19T16:33:27.688Z] ----------------------------------------------------------------------
[debug] 
[debug] [2022-04-19T16:33:27.744Z] > command requires scopes: ["email","openid","https://www.googleapis.com/auth/cloudplatformprojects.readonly","https://www.googleapis.com/auth/firebase","https://www.googleapis.com/auth/cloud-platform"]
[debug] [2022-04-19T16:33:27.744Z] > authorizing via signed-in user (ovilashmoitraofficial@gmail.com)
[info] 
     ######## #### ########  ######## ########     ###     ######  ########
     ##        ##  ##     ## ##       ##     ##  ##   ##  ##       ##
     ######    ##  ########  ######   ########  #########  ######  ######
     ##        ##  ##    ##  ##       ##     ## ##     ##       ## ##
     ##       #### ##     ## ######## ########  ##     ##  ######  ########

You're about to initialize a Firebase project in this directory:

  E:\WebDev_Course\Assignments\photographer-ovilash

Before we get started, keep in mind:

  * You are initializing within an existing Firebase project directory

